<?xml version="1.0" encoding="UTF-8"?>
<testsuite xmlns:xsi="http://www.w3.org/2001/XMLSchema-instance" xsi:noNamespaceSchemaLocation="https://maven.apache.org/surefire/maven-surefire-plugin/xsd/surefire-test-report.xsd" name="es.WhiteBoxTestTest" time="0.036" tests="4" errors="0" skipped="0" failures="0">
  <properties>
[...]
</properties>
  <testcase name="testAmethod1" classname="es.WhiteBoxTestTest" time="0.028"/>
  <testcase name="testAmethod2" classname="es.WhiteBoxTestTest" time="0"/>
  <testcase name="testAmethod3" classname="es.WhiteBoxTestTest" time="0.001"/>
  <testcase name="testAmethod4" classname="es.WhiteBoxTestTest" time="0.001"/>
</testsuite>